<?xml version="1.0" encoding="UTF-8" ?>
<testsuite tests="9" failures="0" name="cn.dombro.dataimport.test.UtilTest" time="0.224" errors="1" skipped="0">
  <properties>
[...]
</properties>
  <testcase classname="cn.dombro.dataimport.test.UtilTest" name="mongoTest" time="0"/>
  <testcase classname="cn.dombro.dataimport.test.UtilTest" name="tokenTest" time="0.224">
    <error type="java.lang.NullPointerException">java.lang.NullPointerException
	at cn.dombro.dataimport.test.UtilTest.tokenTest(UtilTest.java:40)
	at sun.reflect.NativeMethodAccessorImpl.invoke0(Native Method)
	at sun.reflect.NativeMethodAccessorImpl.invoke(NativeMethodAccessorImpl.java:62)
	at sun.reflect.DelegatingMethodAccessorImpl.invoke(DelegatingMethodAccessorImpl.java:43)
	at java.lang.reflect.Method.invoke(Method.java:498)
	at org.junit.runners.model.FrameworkMethod$1.runReflectiveCall(FrameworkMethod.java:44)
	at org.junit.internal.runners.model.ReflectiveCallable.run(ReflectiveCallable.java:15)
	at org.junit.runners.model.FrameworkMethod.invokeExplosively(FrameworkMethod.java:41)
	at org.junit.internal.runners.statements.InvokeMethod.evaluate(InvokeMethod.java:20)
	at org.junit.runners.BlockJUnit4ClassRunner.runNotIgnored(BlockJUnit4ClassRunner.java:79)
	at org.junit.runners.BlockJUnit4ClassRunner.runChild(BlockJUnit4ClassRunner.java:71)
	at org.junit.runners.BlockJUnit4ClassRunner.runChild(BlockJUnit4ClassRunner.java:49)
	at org.junit.runners.ParentRunner$3.run(ParentRunner.java:193)
	at org.junit.runners.ParentRunner$1.schedule(ParentRunner.java:52)
	at org.junit.runners.ParentRunner.runChildren(ParentRunner.java:191)
	at org.junit.runners.ParentRunner.access$000(ParentRunner.java:42)
	at org.junit.runners.ParentRunner$2.evaluate(ParentRunner.java:184)
	at org.junit.runners.ParentRunner.run(ParentRunner.java:236)
	at org.apache.maven.surefire.junit4.JUnit4Provider.execute(JUnit4Provider.java:252)
	at org.apache.maven.surefire.junit4.JUnit4Provider.executeTestSet(JUnit4Provider.java:141)
	at org.apache.maven.surefire.junit4.JUnit4Provider.invoke(JUnit4Provider.java:112)
	at sun.reflect.NativeMethodAccessorImpl.invoke0(Native Method)
	at sun.reflect.NativeMethodAccessorImpl.invoke(NativeMethodAccessorImpl.java:62)
	at sun.reflect.DelegatingMethodAccessorImpl.invoke(DelegatingMethodAccessorImpl.java:43)
	at java.lang.reflect.Method.invoke(Method.java:498)
	at org.apache.maven.surefire.util.ReflectionUtils.invokeMethodWithArray(ReflectionUtils.java:189)
	at org.apache.maven.surefire.booter.ProviderFactory$ProviderProxy.invoke(ProviderFactory.java:165)
	at org.apache.maven.surefire.booter.ProviderFactory.invokeProvider(ProviderFactory.java:85)
	at org.apache.maven.surefire.booter.ForkedBooter.runSuitesInProcess(ForkedBooter.java:115)
	at org.apache.maven.surefire.booter.ForkedBooter.main(ForkedBooter.java:75)
</error>
    <system-out>json web token ����ʧ��
</system-out>
  </testcase>
  <testcase classname="cn.dombro.dataimport.test.UtilTest" name="CsvUtilTest" time="0"/>
  <testcase classname="cn.dombro.dataimport.test.UtilTest" name="csvTest" time="0"/>
  <testcase classname="cn.dombro.dataimport.test.UtilTest" name="ExcelUtilTest" time="0"/>
  <testcase classname="cn.dombro.dataimport.test.UtilTest" name="patternTest" time="0"/>
  <testcase classname="cn.dombro.dataimport.test.UtilTest" name="cron4jTest" time="0"/>
  <testcase classname="cn.dombro.dataimport.test.UtilTest" name="filePathTest" time="0"/>
  <testcase classname="cn.dombro.dataimport.test.UtilTest" name="dateTest" time="0"/>
</testsuite>